This file contains any messages produced by compilers while
running configure, to aid debugging if configure makes a mistake.

It was created by ccache-swig configure 0.0, which was
generated by GNU Autoconf 2.71.  Invocation command line was

  $ ./configure --disable-option-checking --prefix=/home/jupyter_notebooks/swig-4.1.0 --cache-file=/dev/null --srcdir=.

## --------- ##
## Platform. ##
## --------- ##

hostname = trantor461
uname -m = x86_64
uname -r = 5.15.0-52-generic
uname -s = Linux
uname -v = #58~20.04.1-Ubuntu SMP Thu Oct 13 13:09:46 UTC 2022

/usr/bin/uname -p = x86_64
/bin/uname -X     = unknown

/bin/arch              = x86_64
/usr/bin/arch -k       = unknown
/usr/convex/getsysinfo = unknown
/usr/bin/hostinfo      = unknown
/bin/machine           = unknown
/usr/bin/oslevel       = unknown
/bin/universe          = unknown

PATH: /home/yogeshsoni/miniconda3/bin/
PATH: /home/yogeshsoni/miniconda3/condabin/
PATH: /home/yogeshsoni/.nvm/versions/node/v14.10.0/bin/
PATH: /home/yogeshsoni/.local/bin/
PATH: /usr/local/sbin/
PATH: /usr/local/bin/
PATH: /usr/sbin/
PATH: /usr/bin/
PATH: /sbin/
PATH: /bin/
PATH: /usr/games/
PATH: /usr/local/games/
PATH: /snap/bin/


## ----------- ##
## Core tests. ##
## ----------- ##

configure:2314: looking for aux files: install-sh
configure:2327:  trying ./
configure:2338:   ./install-sh found
configure:2470: Configuring ccache
configure:2540: checking for gcc
configure:2561: found /usr/bin/gcc
configure:2572: result: gcc
configure:2925: checking for C compiler version
configure:2934: gcc --version >&5
gcc (Ubuntu 9.4.0-1ubuntu1~20.04.1) 9.4.0
Copyright (C) 2019 Free Software Foundation, Inc.
This is free software; see the source for copying conditions.  There is NO
warranty; not even for MERCHANTABILITY or FITNESS FOR A PARTICULAR PURPOSE.

configure:2945: $? = 0
configure:2934: gcc -v >&5
Using built-in specs.
COLLECT_GCC=gcc
COLLECT_LTO_WRAPPER=/usr/lib/gcc/x86_64-linux-gnu/9/lto-wrapper
OFFLOAD_TARGET_NAMES=nvptx-none:hsa
OFFLOAD_TARGET_DEFAULT=1
Target: x86_64-linux-gnu
Configured with: ../src/configure -v --with-pkgversion='Ubuntu 9.4.0-1ubuntu1~20.04.1' --with-bugurl=file:///usr/share/doc/gcc-9/README.Bugs --enable-languages=c,ada,c++,go,brig,d,fortran,objc,obj-c++,gm2 --prefix=/usr --with-gcc-major-version-only --program-suffix=-9 --program-prefix=x86_64-linux-gnu- --enable-shared --enable-linker-build-id --libexecdir=/usr/lib --without-included-gettext --enable-threads=posix --libdir=/usr/lib --enable-nls --enable-clocale=gnu --enable-libstdcxx-debug --enable-libstdcxx-time=yes --with-default-libstdcxx-abi=new --enable-gnu-unique-object --disable-vtable-verify --enable-plugin --enable-default-pie --with-system-zlib --with-target-system-zlib=auto --enable-objc-gc=auto --enable-multiarch --disable-werror --with-arch-32=i686 --with-abi=m64 --with-multilib-list=m32,m64,mx32 --enable-multilib --with-tune=generic --enable-offload-targets=nvptx-none=/build/gcc-9-Av3uEd/gcc-9-9.4.0/debian/tmp-nvptx/usr,hsa --without-cuda-driver --enable-checking=release --build=x86_64-linux-gnu --host=x86_64-linux-gnu --target=x86_64-linux-gnu
Thread model: posix
gcc version 9.4.0 (Ubuntu 9.4.0-1ubuntu1~20.04.1) 
configure:2945: $? = 0
configure:2934: gcc -V >&5
gcc: error: unrecognized command line option '-V'
gcc: fatal error: no input files
compilation terminated.
configure:2945: $? = 1
configure:2934: gcc -qversion >&5
gcc: error: unrecognized command line option '-qversion'; did you mean '--version'?
gcc: fatal error: no input files
compilation terminated.
configure:2945: $? = 1
configure:2934: gcc -version >&5
gcc: error: unrecognized command line option '-version'
gcc: fatal error: no input files
compilation terminated.
configure:2945: $? = 1
configure:2965: checking whether the C compiler works
configure:2987: gcc   -I/home/yogeshsoni/miniconda3/include  conftest.c  >&5
configure:2991: $? = 0
configure:3041: result: yes
configure:3044: checking for C compiler default output file name
configure:3046: result: a.out
configure:3052: checking for suffix of executables
configure:3059: gcc -o conftest   -I/home/yogeshsoni/miniconda3/include  conftest.c  >&5
configure:3063: $? = 0
configure:3086: result: 
configure:3108: checking whether we are cross compiling
configure:3116: gcc -o conftest   -I/home/yogeshsoni/miniconda3/include  conftest.c  >&5
configure:3120: $? = 0
configure:3127: ./conftest
configure:3131: $? = 0
configure:3119: result: no
configure:3124: checking for suffix of object files
configure:3147: gcc -c   -I/home/yogeshsoni/miniconda3/include conftest.c >&5
configure:3151: $? = 0
configure:3173: result: o
configure:3177: checking whether the compiler supports GNU C
configure:3197: gcc -c   -I/home/yogeshsoni/miniconda3/include conftest.c >&5
configure:3197: $? = 0
configure:3207: result: yes
configure:3218: checking whether gcc accepts -g
configure:3239: gcc -c -g  -I/home/yogeshsoni/miniconda3/include conftest.c >&5
configure:3239: $? = 0
configure:3283: result: yes
configure:3303: checking for gcc option to enable C11 features
configure:3318: gcc  -c -g -O2  -I/home/yogeshsoni/miniconda3/include conftest.c >&5
configure:3318: $? = 0
configure:3336: result: none needed
configure:3451: checking how to run the C preprocessor
configure:3477: gcc -E  -I/home/yogeshsoni/miniconda3/include conftest.c
configure:3477: $? = 0
configure:3492: gcc -E  -I/home/yogeshsoni/miniconda3/include conftest.c
conftest.c:9:10: fatal error: ac_nonexistent.h: No such file or directory
    9 | #include <ac_nonexistent.h>
      |          ^~~~~~~~~~~~~~~~~~
compilation terminated.
configure:3492: $? = 1
configure: failed program was:
| /* confdefs.h */
| #define PACKAGE_NAME "ccache-swig"
| #define PACKAGE_TARNAME "ccache-swig"
| #define PACKAGE_VERSION "0.0"
| #define PACKAGE_STRING "ccache-swig 0.0"
| #define PACKAGE_BUGREPORT ""
| #define PACKAGE_URL ""
| /* end confdefs.h.  */
| #include <ac_nonexistent.h>
configure:3519: result: gcc -E
configure:3533: gcc -E  -I/home/yogeshsoni/miniconda3/include conftest.c
configure:3533: $? = 0
configure:3548: gcc -E  -I/home/yogeshsoni/miniconda3/include conftest.c
conftest.c:9:10: fatal error: ac_nonexistent.h: No such file or directory
    9 | #include <ac_nonexistent.h>
      |          ^~~~~~~~~~~~~~~~~~
compilation terminated.
configure:3548: $? = 1
configure: failed program was:
| /* confdefs.h */
| #define PACKAGE_NAME "ccache-swig"
| #define PACKAGE_TARNAME "ccache-swig"
| #define PACKAGE_VERSION "0.0"
| #define PACKAGE_STRING "ccache-swig 0.0"
| #define PACKAGE_BUGREPORT ""
| #define PACKAGE_URL ""
| /* end confdefs.h.  */
| #include <ac_nonexistent.h>
configure:3594: checking for a BSD-compatible install
configure:3667: result: /usr/bin/install -c
configure:3721: checking for dirent.h that defines DIR
configure:3741: gcc -c -g -O2 -Wall -W  -I/home/yogeshsoni/miniconda3/include conftest.c >&5
configure:3741: $? = 0
configure:3750: result: yes
configure:3764: checking for library containing opendir
configure:3794: gcc -o conftest -g -O2 -Wall -W  -I/home/yogeshsoni/miniconda3/include  conftest.c  >&5
configure:3794: $? = 0
configure:3814: result: none required
configure:3886: checking for sys/wait.h that is POSIX.1 compatible
configure:3913: gcc -c -g -O2 -Wall -W  -I/home/yogeshsoni/miniconda3/include conftest.c >&5
configure:3913: $? = 0
configure:3921: result: yes
configure:3934: checking for stdio.h
configure:3934: gcc -c -g -O2 -Wall -W  -I/home/yogeshsoni/miniconda3/include conftest.c >&5
configure:3934: $? = 0
configure:3934: result: yes
configure:3934: checking for stdlib.h
configure:3934: gcc -c -g -O2 -Wall -W  -I/home/yogeshsoni/miniconda3/include conftest.c >&5
configure:3934: $? = 0
configure:3934: result: yes
configure:3934: checking for string.h
configure:3934: gcc -c -g -O2 -Wall -W  -I/home/yogeshsoni/miniconda3/include conftest.c >&5
configure:3934: $? = 0
configure:3934: result: yes
configure:3934: checking for inttypes.h
configure:3934: gcc -c -g -O2 -Wall -W  -I/home/yogeshsoni/miniconda3/include conftest.c >&5
configure:3934: $? = 0
configure:3934: result: yes
configure:3934: checking for stdint.h
configure:3934: gcc -c -g -O2 -Wall -W  -I/home/yogeshsoni/miniconda3/include conftest.c >&5
configure:3934: $? = 0
configure:3934: result: yes
configure:3934: checking for strings.h
configure:3934: gcc -c -g -O2 -Wall -W  -I/home/yogeshsoni/miniconda3/include conftest.c >&5
configure:3934: $? = 0
configure:3934: result: yes
configure:3934: checking for sys/stat.h
configure:3934: gcc -c -g -O2 -Wall -W  -I/home/yogeshsoni/miniconda3/include conftest.c >&5
configure:3934: $? = 0
configure:3934: result: yes
configure:3934: checking for sys/types.h
configure:3934: gcc -c -g -O2 -Wall -W  -I/home/yogeshsoni/miniconda3/include conftest.c >&5
configure:3934: $? = 0
configure:3934: result: yes
configure:3934: checking for unistd.h
configure:3934: gcc -c -g -O2 -Wall -W  -I/home/yogeshsoni/miniconda3/include conftest.c >&5
configure:3934: $? = 0
configure:3934: result: yes
configure:3959: checking for ctype.h
configure:3959: gcc -c -g -O2 -Wall -W  -I/home/yogeshsoni/miniconda3/include conftest.c >&5
configure:3959: $? = 0
configure:3959: result: yes
configure:3965: checking for strings.h
configure:3965: result: yes
configure:3971: checking for stdlib.h
configure:3971: result: yes
configure:3977: checking for string.h
configure:3977: result: yes
configure:3983: checking for pwd.h
configure:3983: gcc -c -g -O2 -Wall -W  -I/home/yogeshsoni/miniconda3/include conftest.c >&5
configure:3983: $? = 0
configure:3983: result: yes
configure:3989: checking for sys/time.h
configure:3989: gcc -c -g -O2 -Wall -W  -I/home/yogeshsoni/miniconda3/include conftest.c >&5
configure:3989: $? = 0
configure:3989: result: yes
configure:3997: checking for realpath
configure:3997: gcc -o conftest -g -O2 -Wall -W  -I/home/yogeshsoni/miniconda3/include  conftest.c  >&5
configure:3997: $? = 0
configure:3997: result: yes
configure:4003: checking for snprintf
configure:4003: gcc -o conftest -g -O2 -Wall -W  -I/home/yogeshsoni/miniconda3/include  conftest.c  >&5
conftest.c:46:6: warning: conflicting types for built-in function 'snprintf'; expected 'int(char *, long unsigned int,  const char *, ...)' [-Wbuiltin-declaration-mismatch]
   46 | char snprintf ();
      |      ^~~~~~~~
conftest.c:38:1: note: 'snprintf' is declared in header '<stdio.h>'
   37 | #include <limits.h>
   38 | #undef snprintf
configure:4003: $? = 0
configure:4003: result: yes
configure:4009: checking for vsnprintf
configure:4009: gcc -o conftest -g -O2 -Wall -W  -I/home/yogeshsoni/miniconda3/include  conftest.c  >&5
conftest.c:47:6: warning: conflicting types for built-in function 'vsnprintf'; expected 'int(char *, long unsigned int,  const char *, __va_list_tag *)' [-Wbuiltin-declaration-mismatch]
   47 | char vsnprintf ();
      |      ^~~~~~~~~
conftest.c:39:1: note: 'vsnprintf' is declared in header '<stdio.h>'
   38 | #include <limits.h>
   39 | #undef vsnprintf
configure:4009: $? = 0
configure:4009: result: yes
configure:4015: checking for vasprintf
configure:4015: gcc -o conftest -g -O2 -Wall -W  -I/home/yogeshsoni/miniconda3/include  conftest.c  >&5
configure:4015: $? = 0
configure:4015: result: yes
configure:4021: checking for asprintf
configure:4021: gcc -o conftest -g -O2 -Wall -W  -I/home/yogeshsoni/miniconda3/include  conftest.c  >&5
configure:4021: $? = 0
configure:4021: result: yes
configure:4027: checking for mkstemp
configure:4027: gcc -o conftest -g -O2 -Wall -W  -I/home/yogeshsoni/miniconda3/include  conftest.c  >&5
configure:4027: $? = 0
configure:4027: result: yes
configure:4034: checking for gethostname
configure:4034: gcc -o conftest -g -O2 -Wall -W  -I/home/yogeshsoni/miniconda3/include  conftest.c  >&5
configure:4034: $? = 0
configure:4034: result: yes
configure:4040: checking for getpwuid
configure:4040: gcc -o conftest -g -O2 -Wall -W  -I/home/yogeshsoni/miniconda3/include  conftest.c  >&5
configure:4040: $? = 0
configure:4040: result: yes
configure:4047: checking for utimes
configure:4047: gcc -o conftest -g -O2 -Wall -W  -I/home/yogeshsoni/miniconda3/include  conftest.c  >&5
configure:4047: $? = 0
configure:4047: result: yes
configure:4055: checking for compar_fn_t in stdlib.h
configure:4075: gcc -c -g -O2 -Wall -W  -I/home/yogeshsoni/miniconda3/include conftest.c >&5
conftest.c: In function 'test_fn':
conftest.c:43:22: warning: null argument where non-null required (argument 1) [-Wnonnull]
   43 | void test_fn(void) { qsort(NULL, 0, 0, (__compar_fn_t)NULL); }
      |                      ^~~~~
conftest.c:43:22: warning: null argument where non-null required (argument 4) [-Wnonnull]
At top level:
conftest.c:43:6: warning: 'test_fn' defined but not used [-Wunused-function]
   43 | void test_fn(void) { qsort(NULL, 0, 0, (__compar_fn_t)NULL); }
      |      ^~~~~~~
configure:4075: $? = 0
configure:4083: result: yes
configure:4091: checking for C99 vsnprintf
configure:4124: gcc -o conftest -g -O2 -Wall -W  -I/home/yogeshsoni/miniconda3/include  conftest.c  >&5
conftest.c: In function 'foo':
conftest.c:48:14: warning: implicit declaration of function 'vsnprintf' [-Wimplicit-function-declaration]
   48 |        len = vsnprintf(0, 0, format, ap);
      |              ^~~~~~~~~
conftest.c:48:27: warning: 'vsnprintf' argument 2 type is 'int' where 'long unsigned int' is expected in a call to built-in function declared without prototype [-Wbuiltin-declaration-mismatch]
   48 |        len = vsnprintf(0, 0, format, ap);
      |                           ^
<built-in>: note: built-in 'vsnprintf' declared here
conftest.c:50:22: warning: implicit declaration of function 'exit' [-Wimplicit-function-declaration]
   50 |        if (len != 5) exit(1);
      |                      ^~~~
conftest.c:50:22: warning: incompatible implicit declaration of built-in function 'exit'
conftest.c:42:1: note: include '<stdlib.h>' or provide a declaration of 'exit'
   41 | #include <stdarg.h>
  +++ |+#include <stdlib.h>
   42 | void foo(const char *format, ...) {
conftest.c:52:12: warning: implicit declaration of function 'snprintf' [-Wimplicit-function-declaration]
   52 |        if (snprintf(buf, 3, "hello") != 5 || strcmp(buf, "he") != 0) exit(1);
      |            ^~~~~~~~
conftest.c:52:12: warning: incompatible implicit declaration of built-in function 'snprintf'
conftest.c:42:1: note: include '<stdio.h>' or provide a declaration of 'snprintf'
   41 | #include <stdarg.h>
  +++ |+#include <stdio.h>
   42 | void foo(const char *format, ...) {
conftest.c:52:46: warning: implicit declaration of function 'strcmp' [-Wimplicit-function-declaration]
   52 |        if (snprintf(buf, 3, "hello") != 5 || strcmp(buf, "he") != 0) exit(1);
      |                                              ^~~~~~
conftest.c:52:70: warning: incompatible implicit declaration of built-in function 'exit'
   52 |        if (snprintf(buf, 3, "hello") != 5 || strcmp(buf, "he") != 0) exit(1);
      |                                                                      ^~~~
conftest.c:52:70: note: include '<stdlib.h>' or provide a declaration of 'exit'
conftest.c:54:8: warning: incompatible implicit declaration of built-in function 'exit'
   54 |        exit(0);
      |        ^~~~
conftest.c:54:8: note: include '<stdlib.h>' or provide a declaration of 'exit'
conftest.c: At top level:
conftest.c:56:1: warning: return type defaults to 'int' [-Wimplicit-int]
   56 | main() { foo("hello"); }
      | ^~~~
conftest.c: In function 'foo':
conftest.c:52:12: warning: 'hello' directive output truncated writing 5 bytes into a region of size 3 [-Wformat-truncation=]
   52 |        if (snprintf(buf, 3, "hello") != 5 || strcmp(buf, "he") != 0) exit(1);
      |            ^~~~~~~~~~~~~~~~~~~~~~~~~
conftest.c:52:12: note: 'snprintf' output 6 bytes into a destination of size 3
configure:4124: $? = 0
configure:4124: ./conftest
configure:4124: $? = 0
configure:4135: result: yes
configure:4153: checking for zlib.h
configure:4153: gcc -c -g -O2 -Wall -W  -I/home/yogeshsoni/miniconda3/include conftest.c >&5
configure:4153: $? = 0
configure:4153: result: yes
configure:4156: checking for gzdopen in -lz
configure:4179: gcc -o conftest -g -O2 -Wall -W  -I/home/yogeshsoni/miniconda3/include  conftest.c -lz   >&5
configure:4179: $? = 0
configure:4189: result: yes
configure:4311: creating ./config.status

## ---------------------- ##
## Running config.status. ##
## ---------------------- ##

This file was extended by ccache-swig config.status 0.0, which was
generated by GNU Autoconf 2.71.  Invocation command line was

  CONFIG_FILES    = 
  CONFIG_HEADERS  = 
  CONFIG_LINKS    = 
  CONFIG_COMMANDS = 
  $ ./config.status 

on trantor461

config.status:813: creating config_win32.h
config.status:813: creating Makefile
config.status:813: creating config.h

## ---------------- ##
## Cache variables. ##
## ---------------- ##

ac_cv_c_compiler_gnu=yes
ac_cv_env_CC_set=
ac_cv_env_CC_value=
ac_cv_env_CFLAGS_set=
ac_cv_env_CFLAGS_value=
ac_cv_env_CPPFLAGS_set=set
ac_cv_env_CPPFLAGS_value=' -I/home/yogeshsoni/miniconda3/include'
ac_cv_env_CPP_set=
ac_cv_env_CPP_value=
ac_cv_env_LDFLAGS_set=set
ac_cv_env_LDFLAGS_value=
ac_cv_env_LIBS_set=
ac_cv_env_LIBS_value=
ac_cv_env_build_alias_set=
ac_cv_env_build_alias_value=
ac_cv_env_host_alias_set=
ac_cv_env_host_alias_value=
ac_cv_env_target_alias_set=
ac_cv_env_target_alias_value=
ac_cv_func_asprintf=yes
ac_cv_func_gethostname=yes
ac_cv_func_getpwuid=yes
ac_cv_func_mkstemp=yes
ac_cv_func_realpath=yes
ac_cv_func_snprintf=yes
ac_cv_func_utimes=yes
ac_cv_func_vasprintf=yes
ac_cv_func_vsnprintf=yes
ac_cv_header_ctype_h=yes
ac_cv_header_dirent_dirent_h=yes
ac_cv_header_inttypes_h=yes
ac_cv_header_pwd_h=yes
ac_cv_header_stdint_h=yes
ac_cv_header_stdio_h=yes
ac_cv_header_stdlib_h=yes
ac_cv_header_string_h=yes
ac_cv_header_strings_h=yes
ac_cv_header_sys_stat_h=yes
ac_cv_header_sys_time_h=yes
ac_cv_header_sys_types_h=yes
ac_cv_header_sys_wait_h=yes
ac_cv_header_unistd_h=yes
ac_cv_header_zlib_h=yes
ac_cv_lib_z_gzdopen=yes
ac_cv_objext=o
ac_cv_path_install='/usr/bin/install -c'
ac_cv_prog_CPP='gcc -E'
ac_cv_prog_ac_ct_CC=gcc
ac_cv_prog_cc_c11=
ac_cv_prog_cc_g=yes
ac_cv_prog_cc_stdc=
ac_cv_search_opendir='none required'
ccache_cv_COMPAR_FN_T=yes
ccache_cv_HAVE_C99_VSNPRINTF=yes

## ----------------- ##
## Output variables. ##
## ----------------- ##

CC='gcc'
CFLAGS='-g -O2 -Wall -W'
CPP='gcc -E'
CPPFLAGS=' -I/home/yogeshsoni/miniconda3/include'
DEFS='-DHAVE_CONFIG_H'
ECHO_C=''
ECHO_N='-n'
ECHO_T=''
EXEEXT=''
INSTALL_DATA='${INSTALL} -m 644'
INSTALL_PROGRAM='${INSTALL}'
INSTALL_SCRIPT='${INSTALL}'
LDFLAGS=''
LIBOBJS=''
LIBS='-lz '
LTLIBOBJS=''
OBJEXT='o'
PACKAGE_BUGREPORT=''
PACKAGE_NAME='ccache-swig'
PACKAGE_STRING='ccache-swig 0.0'
PACKAGE_TARNAME='ccache-swig'
PACKAGE_URL=''
PACKAGE_VERSION='0.0'
PATH_SEPARATOR=':'
PROGRAM_NAME='ccache-swig'
SHELL='/bin/bash'
ac_ct_CC='gcc'
bindir='${exec_prefix}/bin'
build_alias=''
datadir='${datarootdir}'
datarootdir='${prefix}/share'
docdir='${datarootdir}/doc/${PACKAGE_TARNAME}'
dvidir='${docdir}'
exec_prefix='${prefix}'
host_alias=''
htmldir='${docdir}'
includedir='${prefix}/include'
infodir='${datarootdir}/info'
libdir='${exec_prefix}/lib'
libexecdir='${exec_prefix}/libexec'
localedir='${datarootdir}/locale'
localstatedir='${prefix}/var'
mandir='${datarootdir}/man'
oldincludedir='/usr/include'
pdfdir='${docdir}'
prefix='/home/jupyter_notebooks/swig-4.1.0'
program_transform_name='s,x,x,'
psdir='${docdir}'
runstatedir='${localstatedir}/run'
sbindir='${exec_prefix}/sbin'
sharedstatedir='${prefix}/com'
sysconfdir='${prefix}/etc'
target_alias=''

## ----------- ##
## confdefs.h. ##
## ----------- ##

/* confdefs.h */
#define PACKAGE_NAME "ccache-swig"
#define PACKAGE_TARNAME "ccache-swig"
#define PACKAGE_VERSION "0.0"
#define PACKAGE_STRING "ccache-swig 0.0"
#define PACKAGE_BUGREPORT ""
#define PACKAGE_URL ""
#define PROGRAM_NAME "ccache-swig"
#define _GNU_SOURCE 1
#define HAVE_DIRENT_H 1
#define HAVE_SYS_WAIT_H 1
#define HAVE_STDIO_H 1
#define HAVE_STDLIB_H 1
#define HAVE_STRING_H 1
#define HAVE_INTTYPES_H 1
#define HAVE_STDINT_H 1
#define HAVE_STRINGS_H 1
#define HAVE_SYS_STAT_H 1
#define HAVE_SYS_TYPES_H 1
#define HAVE_UNISTD_H 1
#define STDC_HEADERS 1
#define HAVE_CTYPE_H 1
#define HAVE_STRINGS_H 1
#define HAVE_STDLIB_H 1
#define HAVE_STRING_H 1
#define HAVE_PWD_H 1
#define HAVE_SYS_TIME_H 1
#define HAVE_REALPATH 1
#define HAVE_SNPRINTF 1
#define HAVE_VSNPRINTF 1
#define HAVE_VASPRINTF 1
#define HAVE_ASPRINTF 1
#define HAVE_MKSTEMP 1
#define HAVE_GETHOSTNAME 1
#define HAVE_GETPWUID 1
#define HAVE_UTIMES 1
#define HAVE_COMPAR_FN_T 1
#define HAVE_C99_VSNPRINTF 1
#define ENABLE_ZLIB 1

configure: exit 0
